0 info it worked if it ends with ok
1 verbose cli [ '/Users/205605/.nvm/versions/node/v6.1.0/bin/node',
1 verbose cli   '/Users/205605/.nvm/versions/node/v6.1.0/bin/npm',
1 verbose cli   'run',
1 verbose cli   'start' ]
2 info using npm@3.8.6
3 info using node@v6.1.0
4 verbose run-script [ 'prestart', 'start', 'poststart' ]
5 info lifecycle acorn-bot@0.0.0~prestart: acorn-bot@0.0.0
6 silly lifecycle acorn-bot@0.0.0~prestart: no script for prestart, continuing
7 info lifecycle acorn-bot@0.0.0~start: acorn-bot@0.0.0
8 verbose lifecycle acorn-bot@0.0.0~start: unsafe-perm in lifecycle true
9 verbose lifecycle acorn-bot@0.0.0~start: PATH: /Users/205605/.nvm/versions/node/v6.1.0/lib/node_modules/npm/bin/node-gyp-bin:/Users/205605/ccpricenytimes/acorn-bot/node_modules/.bin:/Users/205605/.nvm/versions/node/v6.1.0/bin:/Users/205605/.nvm/versions/node/v6.1.0/bin:/usr/local/opt/php54/bin:/usr/local/share/npm/bin:/usr/local/bin:/usr/local/heroku/bin:/usr/local/mysql/bin:/usr/local/opt/php54/bin:/usr/local/share/npm/bin:/usr/local/bin:/usr/local/heroku/bin:/usr/local/mysql/bin:/usr/local/bin:/usr/bin:/bin:/usr/sbin:/sbin:/usr/local/git/bin:/usr/local/go/bin:/Users/205605/go/bin:/Users/205605/.rvm/bin:/Users/205605/go/bin
10 verbose lifecycle acorn-bot@0.0.0~start: CWD: /Users/205605/ccpricenytimes/acorn-bot
11 silly lifecycle acorn-bot@0.0.0~start: Args: [ '-c', 'PORT= 1337 node src/app.js' ]
12 info lifecycle acorn-bot@0.0.0~start: Failed to exec start script
13 verbose stack Error: acorn-bot@0.0.0 start: `PORT= 1337 node src/app.js`
13 verbose stack spawn ENOENT
13 verbose stack     at ChildProcess.<anonymous> (/Users/205605/.nvm/versions/node/v6.1.0/lib/node_modules/npm/lib/utils/spawn.js:17:16)
13 verbose stack     at emitTwo (events.js:106:13)
13 verbose stack     at ChildProcess.emit (events.js:191:7)
13 verbose stack     at maybeClose (internal/child_process.js:850:16)
13 verbose stack     at Process.ChildProcess._handle.onexit (internal/child_process.js:215:5)
14 verbose pkgid acorn-bot@0.0.0
15 verbose cwd /Users/205605/ccpricenytimes/acorn-bot
16 error Darwin 15.2.0
17 error argv "/Users/205605/.nvm/versions/node/v6.1.0/bin/node" "/Users/205605/.nvm/versions/node/v6.1.0/bin/npm" "run" "start"
18 error node v6.1.0
19 error npm  v3.8.6
20 error file sh
21 error code ELIFECYCLE
22 error errno ENOENT
23 error syscall spawn
24 error acorn-bot@0.0.0 start: `PORT= 1337 node src/app.js`
24 error spawn ENOENT
25 error Failed at the acorn-bot@0.0.0 start script 'PORT= 1337 node src/app.js'.
25 error Make sure you have the latest version of node.js and npm installed.
25 error If you do, this is most likely a problem with the acorn-bot package,
25 error not with npm itself.
25 error Tell the author that this fails on your system:
25 error     PORT= 1337 node src/app.js
25 error You can get information on how to open an issue for this project with:
25 error     npm bugs acorn-bot
25 error Or if that isn't available, you can get their info via:
25 error     npm owner ls acorn-bot
25 error There is likely additional logging output above.
26 verbose exit [ 1, true ]
